#
# A fatal error has been detected by the Java Runtime Environment:
#
#  EXCEPTION_ACCESS_VIOLATION (0xc0000005) at pc=0x00007ffa60aca266, pid=17604, tid=0x0000000000004014
#
# JRE version: Java(TM) SE Runtime Environment (8.0_181-b13) (build 1.8.0_181-b13)
# Java VM: Java HotSpot(TM) 64-Bit Server VM (25.181-b13 mixed mode windows-amd64 compressed oops)
# Problematic frame:
# C  [PCL_JAVA.dll+0x7a266]  boost::shared_ptr<pcl::PointCloud<pcl::PointXYZRGB> >::shared_ptr<pcl::PointCloud<pcl::PointXYZRGB> >+0x36
#
# Failed to write core dump. Minidumps are not enabled by default on client versions of Windows
#
# If you would like to submit a bug report, please visit:
#   http://bugreport.java.com/bugreport/crash.jsp
# The crash happened outside the Java Virtual Machine in native code.
# See problematic frame for where to report the bug.
#

---------------  T H R E A D  ---------------

Current thread (0x0000000002a24800):  JavaThread "main" [_thread_in_native, id=16404, stack(0x0000000002820000,0x0000000002920000)]

siginfo: ExceptionCode=0xc0000005, reading address 0x0000000000000008

Registers:
RAX=0x000000000291d228, RBX=0x000000001b4fea50, RCX=0x0000000000000008, RDX=0x0000000000000008
RSP=0x000000000291d100, RBP=0x000000000291d3a0, RSI=0x00000000d739d810, RDI=0x000000000291d130
R8 =0x0000000000000042, R9 =0x00000001000e4ab8, R10=0x0000000017233d70, R11=0x000000000291d070
R12=0x0000000000000000, R13=0x000000001b4fea48, R14=0x000000000291d3d8, R15=0x0000000002a24800
RIP=0x00007ffa60aca266, EFLAGS=0x0000000000010206

Top of Stack: (sp=0x000000000291d100)
0x000000000291d100:   cccccccccccccccc cccccccccccccccc
0x000000000291d110:   cccccccccccccccc cccccccccccccccc
0x000000000291d120:   fffffffffffffffe cccccccccccccccc
0x000000000291d130:   000000000291d170 00007ffa60acda91
0x000000000291d140:   000000000291d228 0000000000000008
0x000000000291d150:   cccccccccccccccc cccccccccccccccc
0x000000000291d160:   cccccccc00000000 cccccccccccccccc
0x000000000291d170:   000000000291d1b0 00007ffa60acdb0c
0x000000000291d180:   0000000000000000 000000000291d228
0x000000000291d190:   cccccccccccccccc cccccccccccccccc
0x000000000291d1a0:   cccccccc00000000 cccccccccccccccc
0x000000000291d1b0:   000000000291d310 00007ffa60b2d559
0x000000000291d1c0:   000000000291d228 0000000002a249f8
0x000000000291d1d0:   000000000291d3d0 cccccccccccccccc
0x000000000291d1e0:   cccccccccccccccc cccccccccccccccc
0x000000000291d1f0:   cccccccccccccccc 0000000000d02510 

Instructions: (pc=0x00007ffa60aca266)
0x00007ffa60aca246:   00 b8 cc cc cc cc f3 ab 48 8b 4c 24 40 48 c7 44
0x00007ffa60aca256:   24 20 fe ff ff ff 48 8b 44 24 40 48 8b 4c 24 48
0x00007ffa60aca266:   48 8b 09 48 89 08 48 8b 44 24 48 48 83 c0 08 48
0x00007ffa60aca276:   8b 4c 24 40 48 83 c1 08 48 8b d0 e8 34 bd f8 ff 


Register to memory mapping:

RAX=0x000000000291d228 is pointing into the stack for thread: 0x0000000002a24800
RBX={method} {0x000000001b4fea58} 'addPointCloud' '(Lde/i3mainz/pcl/PointCloud;Ljava/lang/String;I)Z' in 'de/i3mainz/pcl/visualization/Visualizer3d'
RCX=0x0000000000000008 is an unknown value
RDX=0x0000000000000008 is an unknown value
RSP=0x000000000291d100 is pointing into the stack for thread: 0x0000000002a24800
RBP=0x000000000291d3a0 is pointing into the stack for thread: 0x0000000002a24800
RSI=0x00000000d739d810 is an oop
de.i3mainz.pcl.visualization.Visualizer3d 
 - klass: 'de/i3mainz/pcl/visualization/Visualizer3d'
RDI=0x000000000291d130 is pointing into the stack for thread: 0x0000000002a24800
R8 =0x0000000000000042 is an unknown value
R9 =0x00000001000e4ab8 is pointing into metadata
R10=0x0000000017233d70 is pointing into metadata
R11=0x000000000291d070 is pointing into the stack for thread: 0x0000000002a24800
R12=0x0000000000000000 is an unknown value
R13=0x000000001b4fea48 is pointing into metadata
R14=0x000000000291d3d8 is pointing into the stack for thread: 0x0000000002a24800
R15=0x0000000002a24800 is a thread


Stack: [0x0000000002820000,0x0000000002920000],  sp=0x000000000291d100,  free space=1012k
Native frames: (J=compiled Java code, j=interpreted, Vv=VM code, C=native code)
C  [PCL_JAVA.dll+0x7a266]  boost::shared_ptr<pcl::PointCloud<pcl::PointXYZRGB> >::shared_ptr<pcl::PointCloud<pcl::PointXYZRGB> >+0x36
C  [PCL_JAVA.dll+0x7da91]  sptr_wrapper<pcl::PointCloud<pcl::PointXYZRGB> >::get_sptr+0x41
C  [PCL_JAVA.dll+0x7db0c]  sptr_wrapper<pcl::PointCloud<pcl::PointXYZRGB> >::get_sptr+0x4c
C  [PCL_JAVA.dll+0xdd559]  Java_de_i3mainz_pcl_visualization_Visualizer3d_addPointCloud+0x79
C  0x0000000002b41df0

Java frames: (J=compiled Java code, j=interpreted, Vv=VM code)
j  de.i3mainz.pcl.visualization.Visualizer3d.addPointCloud(Lde/i3mainz/pcl/PointCloud;Ljava/lang/String;I)Z+0
j  de.i3mainz.pcl.RandomSampleConsensusTest.test()V+257
v  ~StubRoutines::call_stub
j  sun.reflect.NativeMethodAccessorImpl.invoke0(Ljava/lang/reflect/Method;Ljava/lang/Object;[Ljava/lang/Object;)Ljava/lang/Object;+0
j  sun.reflect.NativeMethodAccessorImpl.invoke(Ljava/lang/Object;[Ljava/lang/Object;)Ljava/lang/Object;+100
j  sun.reflect.DelegatingMethodAccessorImpl.invoke(Ljava/lang/Object;[Ljava/lang/Object;)Ljava/lang/Object;+6
j  java.lang.reflect.Method.invoke(Ljava/lang/Object;[Ljava/lang/Object;)Ljava/lang/Object;+56
j  org.junit.platform.commons.util.ReflectionUtils.invokeMethod(Ljava/lang/reflect/Method;Ljava/lang/Object;[Ljava/lang/Object;)Ljava/lang/Object;+42
j  org.junit.jupiter.engine.execution.ExecutableInvoker.invoke(Ljava/lang/reflect/Method;Ljava/lang/Object;Lorg/junit/jupiter/api/extension/ExtensionContext;Lorg/junit/jupiter/engine/extension/ExtensionRegistry;)Ljava/lang/Object;+32
j  org.junit.jupiter.engine.descriptor.TestMethodTestDescriptor.lambda$invokeTestMethod$6(Lorg/junit/jupiter/api/extension/ExtensionContext;Lorg/junit/jupiter/engine/execution/JupiterEngineExecutionContext;)V+24
j  org.junit.jupiter.engine.descriptor.TestMethodTestDescriptor$$Lambda$184.execute()V+12
j  org.junit.jupiter.engine.execution.ThrowableCollector.execute(Lorg/junit/jupiter/api/function/Executable;)V+1
j  org.junit.jupiter.engine.descriptor.TestMethodTestDescriptor.invokeTestMethod(Lorg/junit/jupiter/engine/execution/JupiterEngineExecutionContext;Lorg/junit/platform/engine/support/hierarchical/Node$DynamicTestExecutor;)V+21
j  org.junit.jupiter.engine.descriptor.TestMethodTestDescriptor.execute(Lorg/junit/jupiter/engine/execution/JupiterEngineExecutionContext;Lorg/junit/platform/engine/support/hierarchical/Node$DynamicTestExecutor;)Lorg/junit/jupiter/engine/execution/JupiterEngineExecutionContext;+44
j  org.junit.jupiter.engine.descriptor.TestMethodTestDescriptor.execute(Lorg/junit/platform/engine/support/hierarchical/EngineExecutionContext;Lorg/junit/platform/engine/support/hierarchical/Node$DynamicTestExecutor;)Lorg/junit/platform/engine/support/hierarchical/EngineExecutionContext;+6
j  org.junit.platform.engine.support.hierarchical.HierarchicalTestExecutor$NodeExecutor.lambda$executeRecursively$3(Lorg/junit/platform/engine/support/hierarchical/ExecutionTracker;)V+33
j  org.junit.platform.engine.support.hierarchical.HierarchicalTestExecutor$NodeExecutor$$Lambda$143.execute()V+8
j  org.junit.platform.engine.support.hierarchical.SingleTestExecutor.executeSafely(Lorg/junit/platform/engine/support/hierarchical/SingleTestExecutor$Executable;)Lorg/junit/platform/engine/TestExecutionResult;+1
j  org.junit.platform.engine.support.hierarchical.HierarchicalTestExecutor$NodeExecutor.executeRecursively(Lorg/junit/platform/engine/support/hierarchical/ExecutionTracker;)V+27
j  org.junit.platform.engine.support.hierarchical.HierarchicalTestExecutor$NodeExecutor.execute(Lorg/junit/platform/engine/support/hierarchical/EngineExecutionContext;Lorg/junit/platform/engine/support/hierarchical/ExecutionTracker;)V+53
j  org.junit.platform.engine.support.hierarchical.HierarchicalTestExecutor$NodeExecutor.lambda$executeRecursively$2(Lorg/junit/platform/engine/support/hierarchical/ExecutionTracker;Lorg/junit/platform/engine/TestDescriptor;)V+17
j  org.junit.platform.engine.support.hierarchical.HierarchicalTestExecutor$NodeExecutor$$Lambda$146.accept(Ljava/lang/Object;)V+12
j  java.util.stream.ForEachOps$ForEachOp$OfRef.accept(Ljava/lang/Object;)V+5
j  java.util.stream.ReferencePipeline$2$1.accept(Ljava/lang/Object;)V+21
j  java.util.Iterator.forEachRemaining(Ljava/util/function/Consumer;)V+21
j  java.util.Spliterators$IteratorSpliterator.forEachRemaining(Ljava/util/function/Consumer;)V+52
j  java.util.stream.AbstractPipeline.copyInto(Ljava/util/stream/Sink;Ljava/util/Spliterator;)V+32
j  java.util.stream.AbstractPipeline.wrapAndCopyInto(Ljava/util/stream/Sink;Ljava/util/Spliterator;)Ljava/util/stream/Sink;+13
j  java.util.stream.ForEachOps$ForEachOp.evaluateSequential(Ljava/util/stream/PipelineHelper;Ljava/util/Spliterator;)Ljava/lang/Void;+3
j  java.util.stream.ForEachOps$ForEachOp$OfRef.evaluateSequential(Ljava/util/stream/PipelineHelper;Ljava/util/Spliterator;)Ljava/lang/Object;+3
j  java.util.stream.AbstractPipeline.evaluate(Ljava/util/stream/TerminalOp;)Ljava/lang/Object;+88
j  java.util.stream.ReferencePipeline.forEach(Ljava/util/function/Consumer;)V+6
j  org.junit.platform.engine.support.hierarchical.HierarchicalTestExecutor$NodeExecutor.lambda$executeRecursively$3(Lorg/junit/platform/engine/support/hierarchical/ExecutionTracker;)V+73
j  org.junit.platform.engine.support.hierarchical.HierarchicalTestExecutor$NodeExecutor$$Lambda$143.execute()V+8
j  org.junit.platform.engine.support.hierarchical.SingleTestExecutor.executeSafely(Lorg/junit/platform/engine/support/hierarchical/SingleTestExecutor$Executable;)Lorg/junit/platform/engine/TestExecutionResult;+1
j  org.junit.platform.engine.support.hierarchical.HierarchicalTestExecutor$NodeExecutor.executeRecursively(Lorg/junit/platform/engine/support/hierarchical/ExecutionTracker;)V+27
j  org.junit.platform.engine.support.hierarchical.HierarchicalTestExecutor$NodeExecutor.execute(Lorg/junit/platform/engine/support/hierarchical/EngineExecutionContext;Lorg/junit/platform/engine/support/hierarchical/ExecutionTracker;)V+53
j  org.junit.platform.engine.support.hierarchical.HierarchicalTestExecutor$NodeExecutor.lambda$executeRecursively$2(Lorg/junit/platform/engine/support/hierarchical/ExecutionTracker;Lorg/junit/platform/engine/TestDescriptor;)V+17
j  org.junit.platform.engine.support.hierarchical.HierarchicalTestExecutor$NodeExecutor$$Lambda$146.accept(Ljava/lang/Object;)V+12
j  java.util.stream.ForEachOps$ForEachOp$OfRef.accept(Ljava/lang/Object;)V+5
j  java.util.stream.ReferencePipeline$2$1.accept(Ljava/lang/Object;)V+21
j  java.util.Iterator.forEachRemaining(Ljava/util/function/Consumer;)V+21
j  java.util.Spliterators$IteratorSpliterator.forEachRemaining(Ljava/util/function/Consumer;)V+52
j  java.util.stream.AbstractPipeline.copyInto(Ljava/util/stream/Sink;Ljava/util/Spliterator;)V+32
j  java.util.stream.AbstractPipeline.wrapAndCopyInto(Ljava/util/stream/Sink;Ljava/util/Spliterator;)Ljava/util/stream/Sink;+13
j  java.util.stream.ForEachOps$ForEachOp.evaluateSequential(Ljava/util/stream/PipelineHelper;Ljava/util/Spliterator;)Ljava/lang/Void;+3
j  java.util.stream.ForEachOps$ForEachOp$OfRef.evaluateSequential(Ljava/util/stream/PipelineHelper;Ljava/util/Spliterator;)Ljava/lang/Object;+3
j  java.util.stream.AbstractPipeline.evaluate(Ljava/util/stream/TerminalOp;)Ljava/lang/Object;+88
j  java.util.stream.ReferencePipeline.forEach(Ljava/util/function/Consumer;)V+6
j  org.junit.platform.engine.support.hierarchical.HierarchicalTestExecutor$NodeExecutor.lambda$executeRecursively$3(Lorg/junit/platform/engine/support/hierarchical/ExecutionTracker;)V+73
j  org.junit.platform.engine.support.hierarchical.HierarchicalTestExecutor$NodeExecutor$$Lambda$143.execute()V+8
j  org.junit.platform.engine.support.hierarchical.SingleTestExecutor.executeSafely(Lorg/junit/platform/engine/support/hierarchical/SingleTestExecutor$Executable;)Lorg/junit/platform/engine/TestExecutionResult;+1
j  org.junit.platform.engine.support.hierarchical.HierarchicalTestExecutor$NodeExecutor.executeRecursively(Lorg/junit/platform/engine/support/hierarchical/ExecutionTracker;)V+27
j  org.junit.platform.engine.support.hierarchical.HierarchicalTestExecutor$NodeExecutor.execute(Lorg/junit/platform/engine/support/hierarchical/EngineExecutionContext;Lorg/junit/platform/engine/support/hierarchical/ExecutionTracker;)V+53
j  org.junit.platform.engine.support.hierarchical.HierarchicalTestExecutor.execute()V+23
j  org.junit.platform.engine.support.hierarchical.HierarchicalTestEngine.execute(Lorg/junit/platform/engine/ExecutionRequest;)V+13
j  org.junit.platform.launcher.core.DefaultLauncher.execute(Lorg/junit/platform/engine/TestEngine;Lorg/junit/platform/engine/ExecutionRequest;)V+2
j  org.junit.platform.launcher.core.DefaultLauncher.execute(Lorg/junit/platform/launcher/core/Root;Lorg/junit/platform/engine/ConfigurationParameters;[Lorg/junit/platform/launcher/TestExecutionListener;)V+101
j  org.junit.platform.launcher.core.DefaultLauncher.execute(Lorg/junit/platform/launcher/LauncherDiscoveryRequest;[Lorg/junit/platform/launcher/TestExecutionListener;)V+36
j  org.eclipse.jdt.internal.junit5.runner.JUnit5TestReference.run(Lorg/eclipse/jdt/internal/junit/runner/TestExecution;)V+30
j  org.eclipse.jdt.internal.junit.runner.TestExecution.run([Lorg/eclipse/jdt/internal/junit/runner/ITestReference;)V+17
j  org.eclipse.jdt.internal.junit.runner.RemoteTestRunner.runTests([Ljava/lang/String;Ljava/lang/String;Lorg/eclipse/jdt/internal/junit/runner/TestExecution;)V+62
j  org.eclipse.jdt.internal.junit.runner.RemoteTestRunner.runTests(Lorg/eclipse/jdt/internal/junit/runner/TestExecution;)V+10
j  org.eclipse.jdt.internal.junit.runner.RemoteTestRunner.run()V+70
j  org.eclipse.jdt.internal.junit.runner.RemoteTestRunner.main([Ljava/lang/String;)V+14
v  ~StubRoutines::call_stub

---------------  P R O C E S S  ---------------

Java Threads: ( => current thread )
  0x000000001a23f000 JavaThread "ReaderThread" [_thread_in_native, id=13572, stack(0x000000001a370000,0x000000001a470000)]
  0x000000001940d800 JavaThread "Service Thread" daemon [_thread_blocked, id=4540, stack(0x0000000019970000,0x0000000019a70000)]
  0x00000000194f9800 JavaThread "C1 CompilerThread2" daemon [_thread_blocked, id=8804, stack(0x0000000019870000,0x0000000019970000)]
  0x00000000194f9000 JavaThread "C2 CompilerThread1" daemon [_thread_blocked, id=17704, stack(0x0000000019770000,0x0000000019870000)]
  0x00000000194f0000 JavaThread "C2 CompilerThread0" daemon [_thread_blocked, id=13384, stack(0x0000000019670000,0x0000000019770000)]
  0x00000000174dd800 JavaThread "JDWP Command Reader" daemon [_thread_in_native, id=11848, stack(0x0000000019170000,0x0000000019270000)]
  0x00000000174da000 JavaThread "JDWP Event Helper Thread" daemon [_thread_blocked, id=7952, stack(0x0000000019070000,0x0000000019170000)]
  0x00000000174cd800 JavaThread "JDWP Transport Listener: dt_socket" daemon [_thread_blocked, id=10428, stack(0x0000000018f70000,0x0000000019070000)]
  0x00000000174c4800 JavaThread "Attach Listener" daemon [_thread_blocked, id=7616, stack(0x0000000018a30000,0x0000000018b30000)]
  0x00000000174c3800 JavaThread "Signal Dispatcher" daemon [_thread_blocked, id=17148, stack(0x0000000018930000,0x0000000018a30000)]
  0x0000000002b1e800 JavaThread "Finalizer" daemon [_thread_blocked, id=13556, stack(0x0000000018740000,0x0000000018840000)]
  0x0000000002b15800 JavaThread "Reference Handler" daemon [_thread_blocked, id=15992, stack(0x0000000018640000,0x0000000018740000)]
=>0x0000000002a24800 JavaThread "main" [_thread_in_native, id=16404, stack(0x0000000002820000,0x0000000002920000)]

Other Threads:
  0x0000000017487800 VMThread [stack: 0x0000000018540000,0x0000000018640000] [id=11892]
  0x0000000019458000 WatcherThread [stack: 0x0000000019a70000,0x0000000019b70000] [id=15664]

VM state:not at safepoint (normal execution)

VM Mutex/Monitor currently owned by a thread: None

Heap:
 PSYoungGen      total 36864K, used 12269K [0x00000000d6c00000, 0x00000000d9500000, 0x0000000100000000)
  eden space 31744K, 26% used [0x00000000d6c00000,0x00000000d741f9f8,0x00000000d8b00000)
  from space 5120K, 77% used [0x00000000d8b00000,0x00000000d8edbcc8,0x00000000d9000000)
  to   space 5120K, 0% used [0x00000000d9000000,0x00000000d9000000,0x00000000d9500000)
 ParOldGen       total 84992K, used 16K [0x0000000084400000, 0x0000000089700000, 0x00000000d6c00000)
  object space 84992K, 0% used [0x0000000084400000,0x0000000084404000,0x0000000089700000)
 Metaspace       used 9570K, capacity 10322K, committed 10624K, reserved 1058816K
  class space    used 1137K, capacity 1304K, committed 1408K, reserved 1048576K

Card table byte_map: [0x0000000011ee0000,0x00000000122c0000] byte_map_base: 0x0000000011abe000

Marking Bits: (ParMarkBitMap*) 0x00000000663a2d00
 Begin Bits: [0x0000000012960000, 0x0000000014850000)
 End Bits:   [0x0000000014850000, 0x0000000016740000)

Polling page: 0x0000000000bf0000

CodeCache: size=245760Kb used=4929Kb max_used=5002Kb free=240830Kb
 bounds [0x0000000002b20000, 0x0000000003010000, 0x0000000011b20000]
 total_blobs=1519 nmethods=1201 adapters=239
 compilation: enabled

Compilation events (10 events):
Event: 18.716 Thread 0x00000000194f9800 1197       3       org.eclipse.jdt.launching.internal.org.objectweb.asm.ClassReader::<init> (8 bytes)
Event: 18.716 Thread 0x00000000194f9800 nmethod 1197 0x0000000002fde350 code [0x0000000002fde4c0, 0x0000000002fde668]
Event: 18.717 Thread 0x00000000194f9800 1198       3       org.eclipse.jdt.launching.internal.org.objectweb.asm.SymbolTable::putBootstrapMethods (56 bytes)
Event: 18.718 Thread 0x00000000194f9800 nmethod 1198 0x0000000002fddc10 code [0x0000000002fdddc0, 0x0000000002fde148]
Event: 18.718 Thread 0x00000000194f9800 1199       3       org.eclipse.jdt.launching.internal.org.objectweb.asm.ClassWriter::<init> (7 bytes)
Event: 18.718 Thread 0x00000000194f9800 nmethod 1199 0x0000000002fdd850 code [0x0000000002fdd9c0, 0x0000000002fddb68]
Event: 18.719 Thread 0x00000000194f9800 1200       3       org.eclipse.jdt.launching.internal.org.objectweb.asm.ClassWriter::<init> (68 bytes)
Event: 26.993 Thread 0x00000000194f9800 nmethod 1200 0x0000000002fdd0d0 code [0x0000000002fdd260, 0x0000000002fdd6e8]
Event: 33.615 Thread 0x00000000194f9800 1201       3       org.eclipse.jdt.launching.internal.org.objectweb.asm.ClassVisitor::<init> (7 bytes)
Event: 33.615 Thread 0x00000000194f9800 nmethod 1201 0x0000000002fdca10 code [0x0000000002fdcba0, 0x0000000002fdcf28]

GC Heap History (2 events):
Event: 1.416 GC heap before
{Heap before GC invocations=1 (full 0):
 PSYoungGen      total 36864K, used 31744K [0x00000000d6c00000, 0x00000000d9500000, 0x0000000100000000)
  eden space 31744K, 100% used [0x00000000d6c00000,0x00000000d8b00000,0x00000000d8b00000)
  from space 5120K, 0% used [0x00000000d9000000,0x00000000d9000000,0x00000000d9500000)
  to   space 5120K, 0% used [0x00000000d8b00000,0x00000000d8b00000,0x00000000d9000000)
 ParOldGen       total 84992K, used 0K [0x0000000084400000, 0x0000000089700000, 0x00000000d6c00000)
  object space 84992K, 0% used [0x0000000084400000,0x0000000084400000,0x0000000089700000)
 Metaspace       used 8653K, capacity 9056K, committed 9344K, reserved 1056768K
  class space    used 993K, capacity 1094K, committed 1152K, reserved 1048576K
Event: 1.422 GC heap after
Heap after GC invocations=1 (full 0):
 PSYoungGen      total 36864K, used 3951K [0x00000000d6c00000, 0x00000000d9500000, 0x0000000100000000)
  eden space 31744K, 0% used [0x00000000d6c00000,0x00000000d6c00000,0x00000000d8b00000)
  from space 5120K, 77% used [0x00000000d8b00000,0x00000000d8edbcc8,0x00000000d9000000)
  to   space 5120K, 0% used [0x00000000d9000000,0x00000000d9000000,0x00000000d9500000)
 ParOldGen       total 84992K, used 16K [0x0000000084400000, 0x0000000089700000, 0x00000000d6c00000)
  object space 84992K, 0% used [0x0000000084400000,0x0000000084404000,0x0000000089700000)
 Metaspace       used 8653K, capacity 9056K, committed 9344K, reserved 1056768K
  class space    used 993K, capacity 1094K, committed 1152K, reserved 1048576K
}

Deoptimization events (7 events):
Event: 1.223 Thread 0x0000000002a24800 Uncommon trap: reason=unstable_if action=reinterpret pc=0x0000000002e5f644 method=java.util.HashMap.getNode(ILjava/lang/Object;)Ljava/util/HashMap$Node; @ 62
Event: 1.223 Thread 0x0000000002a24800 Uncommon trap: reason=unstable_if action=reinterpret pc=0x0000000002e0ea5c method=java.util.HashMap.putVal(ILjava/lang/Object;Ljava/lang/Object;ZZ)Ljava/lang/Object; @ 94
Event: 1.241 Thread 0x0000000002a24800 Uncommon trap: reason=unstable_if action=reinterpret pc=0x0000000002e88bac method=java.util.HashMap.getNode(ILjava/lang/Object;)Ljava/util/HashMap$Node; @ 129
Event: 1.427 Thread 0x0000000002a24800 Uncommon trap: reason=unstable_if action=reinterpret pc=0x0000000002e792d8 method=java.lang.ref.SoftReference.get()Ljava/lang/Object; @ 17
Event: 1.549 Thread 0x0000000002a24800 Uncommon trap: reason=unstable_if action=reinterpret pc=0x0000000002e22370 method=java.lang.ref.SoftReference.get()Ljava/lang/Object; @ 17
Event: 1.586 Thread 0x0000000002a24800 Uncommon trap: reason=unstable_if action=reinterpret pc=0x0000000002ee5758 method=org.eclipse.jdt.launching.internal.org.objectweb.asm.ByteVector.putInt(I)Lorg/eclipse/jdt/launching/internal/org/objectweb/asm/ByteVector; @ 13
Event: 1.623 Thread 0x0000000002a24800 Uncommon trap: reason=unstable_if action=reinterpret pc=0x0000000002f47174 method=jdk.internal.org.objectweb.asm.Type.getArgumentsAndReturnSizes(Ljava/lang/String;)I @ 88

Classes redefined (0 events):
No events

Internal exceptions (10 events):
Event: 0.847 Thread 0x0000000002a24800 Exception <a 'java/security/PrivilegedActionException'> (0x00000000d79240a0) thrown at [C:\re\workspace\8-2-build-windows-amd64-cygwin\jdk8u181\11358\hotspot\src\share\vm\prims\jvm.cpp, line 1435]
Event: 0.848 Thread 0x0000000002a24800 Exception <a 'java/security/PrivilegedActionException'> (0x00000000d7928198) thrown at [C:\re\workspace\8-2-build-windows-amd64-cygwin\jdk8u181\11358\hotspot\src\share\vm\prims\jvm.cpp, line 1435]
Event: 0.848 Thread 0x0000000002a24800 Exception <a 'java/security/PrivilegedActionException'> (0x00000000d7928590) thrown at [C:\re\workspace\8-2-build-windows-amd64-cygwin\jdk8u181\11358\hotspot\src\share\vm\prims\jvm.cpp, line 1435]
Event: 1.114 Thread 0x0000000002a24800 Exception <a 'java/lang/NoSuchMethodError': java.lang.Object.lambda$or$2(Ljava/util/function/Predicate;Ljava/lang/Object;)Z> (0x00000000d815b808) thrown at [C:\re\workspace\8-2-build-windows-amd64-cygwin\jdk8u181\11358\hotspot\src\share\vm\interpreter\lin
Event: 1.190 Thread 0x0000000002a24800 Exception <a 'java/lang/IncompatibleClassChangeError': Found class java.lang.Object, but interface was expected> (0x00000000d83fedc8) thrown at [C:\re\workspace\8-2-build-windows-amd64-cygwin\jdk8u181\11358\hotspot\src\share\vm\interpreter\linkResolver.cp
Event: 1.264 Thread 0x0000000002a24800 Exception <a 'java/lang/NoSuchMethodError': java.lang.Object.lambda$andThen$1(Ljava/util/function/Function;Ljava/lang/Object;)Ljava/lang/Object;> (0x00000000d86a6e40) thrown at [C:\re\workspace\8-2-build-windows-amd64-cygwin\jdk8u181\11358\hotspot\src\sha
Event: 1.319 Thread 0x0000000002a24800 Exception <a 'java/lang/NoSuchMethodError': java.lang.Object.lambda$accept$0(Lorg/junit/platform/engine/TestDescriptor$Visitor;Lorg/junit/platform/engine/TestDescriptor;)V> (0x00000000d88452b0) thrown at [C:\re\workspace\8-2-build-windows-amd64-cygwin\jdk
Event: 1.329 Thread 0x0000000002a24800 Exception <a 'java/lang/IncompatibleClassChangeError': Found class java.lang.Object, but interface was expected> (0x00000000d8860ef0) thrown at [C:\re\workspace\8-2-build-windows-amd64-cygwin\jdk8u181\11358\hotspot\src\share\vm\interpreter\linkResolver.cp
Event: 1.333 Thread 0x0000000002a24800 Exception <a 'java/lang/NoSuchMethodError': java.lang.Object.containsTests(Lorg/junit/platform/engine/TestDescriptor;)Z> (0x00000000d886e3e0) thrown at [C:\re\workspace\8-2-build-windows-amd64-cygwin\jdk8u181\11358\hotspot\src\share\vm\interpreter\linkRes
Event: 1.627 Thread 0x0000000002a24800 Exception <a 'java/lang/NoSuchMethodError': java.lang.Object.lambda$and$0(Ljava/util/function/Predicate;Ljava/lang/Object;)Z> (0x00000000d71b5e00) thrown at [C:\re\workspace\8-2-build-windows-amd64-cygwin\jdk8u181\11358\hotspot\src\share\vm\interpreter\li

Events (10 events):
Event: 132.975 Thread 0x0000000002a24800 DEOPT PACKING pc=0x0000000002e6a641 sp=0x0000000002919b80
Event: 132.975 Thread 0x0000000002a24800 DEOPT UNPACKING pc=0x0000000002b67890 sp=0x00000000029198d0 mode 1
Event: 132.975 Executing VM operation: RevokeBias
Event: 132.975 Executing VM operation: RevokeBias done
Event: 132.975 Thread 0x0000000002a24800 DEOPT PACKING pc=0x0000000002d38b7c sp=0x0000000002919c00
Event: 132.975 Thread 0x0000000002a24800 DEOPT UNPACKING pc=0x0000000002b67890 sp=0x0000000002919a20 mode 1
Event: 132.975 Executing VM operation: RevokeBias
Event: 132.975 Executing VM operation: RevokeBias done
Event: 132.975 Thread 0x0000000002a24800 DEOPT PACKING pc=0x0000000002d38914 sp=0x0000000002919d90
Event: 132.975 Thread 0x0000000002a24800 DEOPT UNPACKING pc=0x0000000002b67890 sp=0x0000000002919bb0 mode 1


Dynamic libraries:
0x00007ff694c80000 - 0x00007ff694cb7000 	C:\Program Files\Java\jdk1.8.0_181\bin\javaw.exe
0x00007fface000000 - 0x00007fface1e1000 	C:\WINDOWS\SYSTEM32\ntdll.dll
0x00007ffacb5c0000 - 0x00007ffacb672000 	C:\WINDOWS\System32\KERNEL32.DLL
0x00007ffacac60000 - 0x00007ffacaed3000 	C:\WINDOWS\System32\KERNELBASE.dll
0x00007ffacb510000 - 0x00007ffacb5b1000 	C:\WINDOWS\System32\ADVAPI32.dll
0x00007ffacdb90000 - 0x00007ffacdc2e000 	C:\WINDOWS\System32\msvcrt.dll
0x00007ffacd910000 - 0x00007ffacd96b000 	C:\WINDOWS\System32\sechost.dll
0x00007ffacd7b0000 - 0x00007ffacd8d4000 	C:\WINDOWS\System32\RPCRT4.dll
0x00007ffacda00000 - 0x00007ffacdb90000 	C:\WINDOWS\System32\USER32.dll
0x00007ffaca430000 - 0x00007ffaca450000 	C:\WINDOWS\System32\win32u.dll
0x00007ffacd970000 - 0x00007ffacd998000 	C:\WINDOWS\System32\GDI32.dll
0x00007ffacaee0000 - 0x00007ffacb072000 	C:\WINDOWS\System32\gdi32full.dll
0x00007ffacb130000 - 0x00007ffacb1cf000 	C:\WINDOWS\System32\msvcp_win.dll
0x00007ffaca450000 - 0x00007ffaca54a000 	C:\WINDOWS\System32\ucrtbase.dll
0x00007ffab8dc0000 - 0x00007ffab9029000 	C:\WINDOWS\WinSxS\amd64_microsoft.windows.common-controls_6595b64144ccf1df_6.0.17134.345_none_fb429a5930656358\COMCTL32.dll
0x00007ffacd470000 - 0x00007ffacd793000 	C:\WINDOWS\System32\combase.dll
0x00007ffacb3c0000 - 0x00007ffacb43a000 	C:\WINDOWS\System32\bcryptPrimitives.dll
0x00007ffacdf90000 - 0x00007ffacdfbd000 	C:\WINDOWS\System32\IMM32.DLL
0x0000000066430000 - 0x0000000066502000 	C:\Program Files\Java\jdk1.8.0_181\jre\bin\msvcr100.dll
0x0000000065b80000 - 0x0000000066422000 	C:\Program Files\Java\jdk1.8.0_181\jre\bin\server\jvm.dll
0x00007ffacd900000 - 0x00007ffacd908000 	C:\WINDOWS\System32\PSAPI.DLL
0x00007ffabbfe0000 - 0x00007ffabbfe9000 	C:\WINDOWS\SYSTEM32\WSOCK32.dll
0x00007ffacdc90000 - 0x00007ffacdcfc000 	C:\WINDOWS\System32\WS2_32.dll
0x00007ffac7e80000 - 0x00007ffac7ea3000 	C:\WINDOWS\SYSTEM32\WINMM.dll
0x00007ffabbff0000 - 0x00007ffabbffa000 	C:\WINDOWS\SYSTEM32\VERSION.dll
0x00007ffac7e50000 - 0x00007ffac7e7a000 	C:\WINDOWS\SYSTEM32\WINMMBASE.dll
0x00007ffacb440000 - 0x00007ffacb489000 	C:\WINDOWS\System32\cfgmgr32.dll
0x0000000065b70000 - 0x0000000065b7f000 	C:\Program Files\Java\jdk1.8.0_181\jre\bin\verify.dll
0x0000000065b40000 - 0x0000000065b69000 	C:\Program Files\Java\jdk1.8.0_181\jre\bin\java.dll
0x0000000065b00000 - 0x0000000065b35000 	C:\Program Files\Java\jdk1.8.0_181\jre\bin\jdwp.dll
0x0000000065af0000 - 0x0000000065af8000 	C:\Program Files\Java\jdk1.8.0_181\jre\bin\npt.dll
0x0000000065ac0000 - 0x0000000065ae3000 	C:\Program Files\Java\jdk1.8.0_181\jre\bin\instrument.dll
0x0000000065aa0000 - 0x0000000065ab6000 	C:\Program Files\Java\jdk1.8.0_181\jre\bin\zip.dll
0x00007ffacbfd0000 - 0x00007ffacd40f000 	C:\WINDOWS\System32\SHELL32.dll
0x00007ffacb680000 - 0x00007ffacb729000 	C:\WINDOWS\System32\shcore.dll
0x00007ffaca550000 - 0x00007ffacac5d000 	C:\WINDOWS\System32\windows.storage.dll
0x00007ffacd9a0000 - 0x00007ffacd9f1000 	C:\WINDOWS\System32\shlwapi.dll
0x00007ffaca3b0000 - 0x00007ffaca3c1000 	C:\WINDOWS\System32\kernel.appcore.dll
0x00007ffaca340000 - 0x00007ffaca35f000 	C:\WINDOWS\System32\profapi.dll
0x00007ffaca360000 - 0x00007ffaca3ac000 	C:\WINDOWS\System32\powrprof.dll
0x00007ffaca310000 - 0x00007ffaca31a000 	C:\WINDOWS\System32\FLTLIB.DLL
0x0000000065a90000 - 0x0000000065a99000 	C:\Program Files\Java\jdk1.8.0_181\jre\bin\dt_socket.dll
0x00007ffaba760000 - 0x00007ffaba776000 	C:\WINDOWS\system32\napinsp.dll
0x00007ffaba740000 - 0x00007ffaba75a000 	C:\WINDOWS\system32\pnrpnsp.dll
0x00007ffac6b00000 - 0x00007ffac6b19000 	C:\WINDOWS\system32\NLAapi.dll
0x00007ffac9b90000 - 0x00007ffac9bf6000 	C:\WINDOWS\System32\mswsock.dll
0x00007ffac9950000 - 0x00007ffac9a0e000 	C:\WINDOWS\SYSTEM32\DNSAPI.dll
0x00007ffacd7a0000 - 0x00007ffacd7a8000 	C:\WINDOWS\System32\NSI.dll
0x00007ffac9910000 - 0x00007ffac9948000 	C:\WINDOWS\SYSTEM32\IPHLPAPI.DLL
0x00007ffaba730000 - 0x00007ffaba73e000 	C:\WINDOWS\System32\winrnr.dll
0x00007ffac09e0000 - 0x00007ffac09f5000 	C:\WINDOWS\System32\wshbth.dll
0x00007ffabd160000 - 0x00007ffabd1d2000 	C:\WINDOWS\System32\fwpuclnt.dll
0x00007ffac9e70000 - 0x00007ffac9e95000 	C:\WINDOWS\SYSTEM32\bcrypt.dll
0x00007ffabe640000 - 0x00007ffabe64a000 	C:\Windows\System32\rasadhlp.dll
0x0000000065a70000 - 0x0000000065a8a000 	C:\Program Files\Java\jdk1.8.0_181\jre\bin\net.dll
0x00007ffa60a50000 - 0x00007ffa629d1000 	C:\Users\Vlad\Projects\pcl-java\PCL_JAVA.dll
0x00007ffa9df10000 - 0x00007ffa9e23a000 	C:\Program Files\PCL 1.8.1\bin\pcl_common_debug.dll
0x00007ffa5ea80000 - 0x00007ffa60a42000 	C:\Program Files\PCL 1.8.1\bin\pcl_io_debug.dll
0x00007ffa6ae00000 - 0x00007ffa6b388000 	C:\Program Files\PCL 1.8.1\bin\pcl_search_debug.dll
0x00007ffa6a7e0000 - 0x00007ffa6adf5000 	C:\Program Files\PCL 1.8.1\bin\pcl_sample_consensus_debug.dll
0x00007ffa5dcc0000 - 0x00007ffa5ea7e000 	C:\Program Files\PCL 1.8.1\bin\pcl_features_debug.dll
0x00007ffabab90000 - 0x00007ffabacb0000 	C:\WINDOWS\SYSTEM32\OPENGL32.dll
0x00007ffa57ba0000 - 0x00007ffa5ac70000 	C:\Program Files\PCL 1.8.1\bin\pcl_visualization_debug.dll
0x00007ffabf320000 - 0x00007ffabf342000 	C:\WINDOWS\SYSTEM32\VCRUNTIME140D.dll
0x00007ffa9e690000 - 0x00007ffa9e781000 	C:\WINDOWS\SYSTEM32\MSVCP140D.dll
0x00007ffa8d2b0000 - 0x00007ffa8d46d000 	C:\WINDOWS\SYSTEM32\ucrtbased.dll
0x00007ffaa9200000 - 0x00007ffaa926b000 	C:\Program Files\OpenNI2\Redist\OpenNI2.dll
0x00007ffa97d90000 - 0x00007ffa97ec4000 	C:\Program Files\PCL 1.8.1\bin\pcl_io_ply_debug.dll
0x00007ffa82b60000 - 0x00007ffa82ee5000 	C:\Program Files\PCL 1.8.1\bin\pcl_kdtree_debug.dll
0x00007ffa67420000 - 0x00007ffa67965000 	C:\Program Files\PCL 1.8.1\bin\pcl_octree_debug.dll
0x00007ffaba910000 - 0x00007ffaba93c000 	C:\WINDOWS\SYSTEM32\GLU32.dll
0x00007ffa56a20000 - 0x00007ffa57b94000 	C:\Program Files\PCL 1.8.1\bin\pcl_filters_debug.dll
0x00007ffac8810000 - 0x00007ffac88a8000 	C:\WINDOWS\system32\uxtheme.dll
0x00007ffacbe50000 - 0x00007ffacbfc4000 	C:\WINDOWS\System32\MSCTF.dll
0x00007ffacb930000 - 0x00007ffacb9f2000 	C:\WINDOWS\System32\OLEAUT32.dll
0x00007ffac8b10000 - 0x00007ffac8b39000 	C:\WINDOWS\system32\dwmapi.dll
0x00007ffa5ce00000 - 0x00007ffa5dcbf000 	C:\WINDOWS\System32\DriverStore\FileRepository\k127371.inf_amd64_7792492e4c1ee038\ig9icd64.dll
0x00007ffac6f90000 - 0x00007ffac6fa3000 	C:\WINDOWS\SYSTEM32\WTSAPI32.dll
0x00007ffac90d0000 - 0x00007ffac918b000 	C:\WINDOWS\SYSTEM32\dxgi.dll
0x00007ffa95ae0000 - 0x00007ffa97875000 	C:\WINDOWS\System32\DriverStore\FileRepository\k127371.inf_amd64_7792492e4c1ee038\igc64.dll
0x00007ffabb520000 - 0x00007ffabb6e9000 	C:\WINDOWS\SYSTEM32\dbghelp.dll

VM Arguments:
jvm_args: -agentlib:jdwp=transport=dt_socket,suspend=y,address=localhost:49187 -ea -javaagent:C:\Users\Vlad\eclipse\jee-photon\eclipse\configuration\org.eclipse.osgi\418\0\.cp\lib\javaagent-shaded.jar -Dfile.encoding=Cp1252 
java_command: org.eclipse.jdt.internal.junit.runner.RemoteTestRunner -version 3 -port 49186 -testLoaderClass org.eclipse.jdt.internal.junit5.runner.JUnit5TestLoader -loaderpluginname org.eclipse.jdt.junit5.runtime -classNames de.i3mainz.pcl.RandomSampleConsensusTest
java_class_path (initial): C:\Users\Vlad\Projects\pcl-java\target\classes;C:\Users\Vlad\Projects\pcl-java\target\test-classes;C:\Users\Vlad\.p2\pool\plugins\org.junit.jupiter.api_5.1.0.v20180327-1502.jar;C:\Users\Vlad\.p2\pool\plugins\org.junit.jupiter.engine_5.1.0.v20180327-1502.jar;C:\Users\Vlad\.p2\pool\plugins\org.junit.jupiter.migrationsupport_5.1.0.v20180327-1502.jar;C:\Users\Vlad\.p2\pool\plugins\org.junit.jupiter.params_5.1.0.v20180327-1502.jar;C:\Users\Vlad\.p2\pool\plugins\org.junit.platform.commons_1.1.0.v20180327-1502.jar;C:\Users\Vlad\.p2\pool\plugins\org.junit.platform.engine_1.1.0.v20180327-1502.jar;C:\Users\Vlad\.p2\pool\plugins\org.junit.platform.launcher_1.1.0.v20180327-1502.jar;C:\Users\Vlad\.p2\pool\plugins\org.junit.platform.runner_1.1.0.v20180327-1502.jar;C:\Users\Vlad\.p2\pool\plugins\org.junit.platform.suite.api_1.1.0.v20180327-1502.jar;C:\Users\Vlad\.p2\pool\plugins\org.junit.vintage.engine_5.1.0.v20180327-1502.jar;C:\Users\Vlad\.p2\pool\plugins\org.opentest4j_1.0.0.v20180327-1502.jar;C:\Users\Vlad\.p2\pool\plugins\org.apiguardian_1.0.0.v20180327-1502.jar;C:\Users\Vlad\.p2\pool\plugins\org.junit_4.12.0.v201504281640\junit.jar;C:\Users\Vlad\.p2\pool\plugins\org.hamcrest.core_1.3.0.v20180420-1519.jar;C:\Users\Vlad\.m2\repository\org\junit\jupiter\junit-jupiter-engine\5.2.0\junit-jupiter-engine-5.2.0.jar;C:\Users\Vlad\.m2\repository\org\apiguardian\apiguardian-api\1.0.0\apiguardian-api-1.0.0.jar;C:\Users\Vlad\.m2\repository\org\junit\platform\junit-platform-engine\1.2.0\junit-platform-engine-1.2.0.jar;C:\Users\Vlad\.m2\repository\org\junit\platform\junit-platform-commons\1.2.0\junit-platform-commons-1.2.0.jar;C:\Users\Vlad\.m2\repository\org\opentest4j\opentest4j\1.1.0\opentest4j-1.1.0.jar;C:\Users\Vlad\.m2\repository\org\junit\jupiter\junit-jupiter-api\5.2.0\junit-jupiter-api-5.2.0.jar;C:\Users\Vlad\.m2\repository\org\junit\vintage\junit-vintage-engine\5.2.0\junit-vintage-engine-5.2.0.jar;C:\Users\Vlad\.m2\repository\junit\junit\4.12\junit-4
Launcher Type: SUN_STANDARD

Environment Variables:
JAVA_HOME=C:\Program Files\Java\jdk1.8.0_181
PATH=C:\Program Files\Java\jdk1.8.0_181\jre\bin;C:/Program Files/Java/jre1.8.0_191/bin/server;C:/Program Files/Java/jre1.8.0_191/bin;C:/Program Files/Java/jre1.8.0_191/lib/amd64;C:\Program Files (x86)\NVIDIA Corporation\PhysX\Common;C:\Program Files (x86)\Intel\Intel(R) Management Engine Components\iCLS\;C:\Program Files\Intel\Intel(R) Management Engine Components\iCLS\;C:\Program Files (x86)\Common Files\Oracle\Java\javapath;C:\WINDOWS\system32;C:\WINDOWS;C:\WINDOWS\System32\Wbem;C:\WINDOWS\System32\WindowsPowerShell\v1.0\;C:\Program Files\nodejs\;C:\WINDOWS\System32\OpenSSH\;C:\Program Files\dotnet\;C:\Program Files\Git\cmd;C:\Android;C:\Windows\System32;C:\Program Files (x86)\Intel\Intel(R) Management Engine Components\DAL;C:\Program Files\Intel\Intel(R) Management Engine Components\DAL;C:\Program Files\Calibre2\;C:\Users\Vlad\.windows-build-tools\python27\;C:\Program Files\nodejs\node_modules\npm\node_modules\npm-lifecycle\node-gyp-bin;C:\Users\Vlad\AppData\Roaming\npm\node_modules\windows-build-tools\node_modules\.bin;C:\Users\Vlad\AppData\Roaming\npm\node_modules\.bin;C:\Program Files (x86)\Common Files\Oracle\Java\javapath;C:\WINDOWS\system32;C:\WINDOWS;C:\WINDOWS\System32\Wbem;C:\WINDOWS\System32\WindowsPowerShell\v1.0\;C:\Program Files\nodejs\;C:\WINDOWS\System32\OpenSSH\;C:\Program Files\dotnet\;C:\Program Files\Git\cmd;C:\Users\Vlad\AppData\Local\Programs\Python\Python37-32\Scripts\;C:\Users\Vlad\AppData\Local\Programs\Python\Python37-32\;C:\Users\Vlad\AppData\Local\Microsoft\WindowsApps;C:\Users\Vlad\AppData\Roaming\npm;C:\Program Files\CMake\bin;C:\Program Files\MongoDB\Server\4.0\bin;C:\Users\Vlad\AppData\Local\Programs\Microsoft VS Code\bin;C:\apache-maven-3.5.4\bin;C:\Program Files\Java\jdk1.8.0_181\bin;C:\apache-maven-3.5.4\bin;C:\gradle-4.10.2\bin;C:\Program Files\PCL 1.8.1\bin;C:\Program Files\OpenNI2\Lib;C:\Program Files\OpenNI2\Redist;C:\Program Files\OpenNI2\Include;C:\Users\Vlad\Projects\pcl-java\lib;;C:\WINDOWS\system32;
USERNAME=Vlad
OS=Windows_NT
PROCESSOR_IDENTIFIER=Intel64 Family 6 Model 142 Stepping 9, GenuineIntel



---------------  S Y S T E M  ---------------

OS: Windows 10.0 , 64 bit Build 17134 (10.0.17134.1)

CPU:total 4 (initial active 4) (2 cores per cpu, 2 threads per core) family 6 model 142 stepping 9, cmov, cx8, fxsr, mmx, sse, sse2, sse3, ssse3, sse4.1, sse4.2, popcnt, avx, avx2, aes, clmul, erms, 3dnowpref, lzcnt, ht, tsc, tscinvbit, bmi1, bmi2, adx

Memory: 4k page, physical 8109920k(1452436k free), swap 12566368k(2623988k free)

vm_info: Java HotSpot(TM) 64-Bit Server VM (25.181-b13) for windows-amd64 JRE (1.8.0_181-b13), built on Jul  7 2018 04:01:33 by "java_re" with MS VC++ 10.0 (VS2010)

time: Sun Nov 04 11:46:07 2018
elapsed time: 133 seconds (0d 0h 2m 13s)

