#
# A fatal error has been detected by the Java Runtime Environment:
#
#  EXCEPTION_UNCAUGHT_CXX_EXCEPTION (0xe06d7363) at pc=0x00007ffa384fa388, pid=10652, tid=0x000000000000079c
#
# JRE version: Java(TM) SE Runtime Environment (8.0_181-b13) (build 1.8.0_181-b13)
# Java VM: Java HotSpot(TM) 64-Bit Server VM (25.181-b13 mixed mode windows-amd64 compressed oops)
# Problematic frame:
# C  [KERNELBASE.dll+0x3a388]
#
# Failed to write core dump. Minidumps are not enabled by default on client versions of Windows
#
# If you would like to submit a bug report, please visit:
#   http://bugreport.java.com/bugreport/crash.jsp
# The crash happened outside the Java Virtual Machine in native code.
# See problematic frame for where to report the bug.
#

---------------  T H R E A D  ---------------

Current thread (0x000000000282e800):  JavaThread "main" [_thread_in_native, id=1948, stack(0x0000000002550000,0x0000000002650000)]

siginfo: ExceptionCode=0xe06d7363, ExceptionInformation=0x0000000019930520 0x000000000264d380 0x00007ffa21bdf1e0 0x00007ffa21b20000 

Registers:
RAX=0x0000000071b80c3b, RBX=0x000000001a9f1dd8, RCX=0x000000000264cca0, RDX=0x000000000264cce0
RSP=0x000000000264d1d0, RBP=0x000000000264d550, RSI=0x00007ffa32419630, RDI=0x000000000264d340
R8 =0x0000000071a63a65, R9 =0x000000000264cdc0, R10=0x000000000264cce0, R11=0x0000000016aecf00
R12=0x0000000000000000, R13=0x000000001a9f1dd8, R14=0x000000000264d578, R15=0x000000000282e800
RIP=0x00007ffa384fa388, EFLAGS=0x0000000000000202

Top of Stack: (sp=0x000000000264d1d0)
0x000000000264d1d0:   0000000000000000 000000001a9f1dd8
0x000000000264d1e0:   00007ffa32419630 000000000264d340
0x000000000264d1f0:   00000001e06d7363 0000000000000000
0x000000000264d200:   00007ffa384fa388 0000000000000004
0x000000000264d210:   0000000019930520 000000000264d380
0x000000000264d220:   00007ffa21bdf1e0 00007ffa21b20000
0x000000000264d230:   000000000264d578 0000000000000000
0x000000000264d240:   000000000264d340 00007ffa32419630
0x000000000264d250:   000000000264d550 00007ffa3c0fa39f
0x000000000264d260:   000000000264d2e8 00007ffa00000000
0x000000000264d270:   000000000264d2a0 000000000000001c
0x000000000264d280:   00007ffa21c03000 00007ffa21b20000
0x000000000264d290:   00008ca91e0f9ac2 0000000000000000
0x000000000264d2a0:   000000001a9f1dd8 00007ffa32408317
0x000000000264d2b0:   0000000100131be8 00007ffa21b35508
0x000000000264d2c0:   000000000264d2e0 000000000264d388 

Instructions: (pc=0x00007ffa384fa388)
0x00007ffa384fa368:   49 8b d1 44 0f 47 c0 44 89 44 24 38 49 c1 e0 03
0x00007ffa384fa378:   e8 4a 46 04 00 48 8d 4c 24 20 ff 15 a0 82 14 00
0x00007ffa384fa388:   48 8b 8c 24 c0 00 00 00 48 33 cc e8 b8 05 04 00
0x00007ffa384fa398:   48 81 c4 d8 00 00 00 c3 83 64 24 38 00 eb d6 cc 


Register to memory mapping:

RAX=0x0000000071b80c3b is an unknown value
RBX={method} {0x000000001a9f1de0} 'nGet' '(I)J' in 'pcl/PointCloudRGB'
RCX=0x000000000264cca0 is pointing into the stack for thread: 0x000000000282e800
RDX=0x000000000264cce0 is pointing into the stack for thread: 0x000000000282e800
RSP=0x000000000264d1d0 is pointing into the stack for thread: 0x000000000282e800
RBP=0x000000000264d550 is pointing into the stack for thread: 0x000000000282e800
RSI=0x00007ffa32419630 is an unknown value
RDI=0x000000000264d340 is pointing into the stack for thread: 0x000000000282e800
R8 =0x0000000071a63a65 is an unknown value
R9 =0x000000000264cdc0 is pointing into the stack for thread: 0x000000000282e800
R10=0x000000000264cce0 is pointing into the stack for thread: 0x000000000282e800
R11={method} {0x0000000016aecf08} 'addAndCmp' '(Lsun/misc/FDBigInteger;Lsun/misc/FDBigInteger;)I' in 'sun/misc/FDBigInteger'
R12=0x0000000000000000 is an unknown value
R13={method} {0x000000001a9f1de0} 'nGet' '(I)J' in 'pcl/PointCloudRGB'
R14=0x000000000264d578 is pointing into the stack for thread: 0x000000000282e800
R15=0x000000000282e800 is a thread


Stack: [0x0000000002550000,0x0000000002650000],  sp=0x000000000264d1d0,  free space=1012k
Native frames: (J=compiled Java code, j=interpreted, Vv=VM code, C=native code)
C  [KERNELBASE.dll+0x3a388]
C  [VCRUNTIME140D.dll+0x8317]
C  [MSVCP140D.dll+0x672f9]
C  [PCL_JAVA.dll+0xf681]  std::vector<pcl::PointXYZRGB,Eigen::aligned_allocator<pcl::PointXYZRGB> >::_Xrange+0x21
C  [PCL_JAVA.dll+0xfb39]  std::vector<pcl::PointXYZRGB,Eigen::aligned_allocator<pcl::PointXYZRGB> >::at+0x39
C  [PCL_JAVA.dll+0xfae9]  pcl::PointCloud<pcl::PointXYZRGB>::at+0x39
C  [PCL_JAVA.dll+0x79ed]  Java_pcl_PointCloudRGB_nGet+0x6d
C  0x0000000002848c67

Java frames: (J=compiled Java code, j=interpreted, Vv=VM code)
j  pcl.PointCloudRGB.nGet(I)J+0
j  pcl.PointCloudRGB.get(I)Lpcl/PointXYZRGB;+14
j  pcl.PointCloudRGB.get(I)Lpcl/PointXYZ;+2
j  pcl.PointCloud$1.hasNext()Z+22
j  pcl.PointCloudRGBTest.test()V+122
v  ~StubRoutines::call_stub
j  sun.reflect.NativeMethodAccessorImpl.invoke0(Ljava/lang/reflect/Method;Ljava/lang/Object;[Ljava/lang/Object;)Ljava/lang/Object;+0
j  sun.reflect.NativeMethodAccessorImpl.invoke(Ljava/lang/Object;[Ljava/lang/Object;)Ljava/lang/Object;+100
j  sun.reflect.DelegatingMethodAccessorImpl.invoke(Ljava/lang/Object;[Ljava/lang/Object;)Ljava/lang/Object;+6
j  java.lang.reflect.Method.invoke(Ljava/lang/Object;[Ljava/lang/Object;)Ljava/lang/Object;+56
j  org.junit.platform.commons.util.ReflectionUtils.invokeMethod(Ljava/lang/reflect/Method;Ljava/lang/Object;[Ljava/lang/Object;)Ljava/lang/Object;+41
j  org.junit.jupiter.engine.execution.ExecutableInvoker.invoke(Ljava/lang/reflect/Method;Ljava/lang/Object;Lorg/junit/jupiter/api/extension/ExtensionContext;Lorg/junit/jupiter/engine/extension/ExtensionRegistry;)Ljava/lang/Object;+32
j  org.junit.jupiter.engine.descriptor.TestMethodTestDescriptor.lambda$invokeTestMethod$6(Lorg/junit/jupiter/api/extension/ExtensionContext;Lorg/junit/jupiter/engine/execution/JupiterEngineExecutionContext;)V+24
j  org.junit.jupiter.engine.descriptor.TestMethodTestDescriptor$$Lambda$184.execute()V+12
j  org.junit.jupiter.engine.execution.ThrowableCollector.execute(Lorg/junit/jupiter/api/function/Executable;)V+1
j  org.junit.jupiter.engine.descriptor.TestMethodTestDescriptor.invokeTestMethod(Lorg/junit/jupiter/engine/execution/JupiterEngineExecutionContext;Lorg/junit/platform/engine/support/hierarchical/Node$DynamicTestExecutor;)V+21
j  org.junit.jupiter.engine.descriptor.TestMethodTestDescriptor.execute(Lorg/junit/jupiter/engine/execution/JupiterEngineExecutionContext;Lorg/junit/platform/engine/support/hierarchical/Node$DynamicTestExecutor;)Lorg/junit/jupiter/engine/execution/JupiterEngineExecutionContext;+44
j  org.junit.jupiter.engine.descriptor.TestMethodTestDescriptor.execute(Lorg/junit/platform/engine/support/hierarchical/EngineExecutionContext;Lorg/junit/platform/engine/support/hierarchical/Node$DynamicTestExecutor;)Lorg/junit/platform/engine/support/hierarchical/EngineExecutionContext;+6
j  org.junit.platform.engine.support.hierarchical.HierarchicalTestExecutor$NodeExecutor.lambda$executeRecursively$3(Lorg/junit/platform/engine/support/hierarchical/ExecutionTracker;)V+33
j  org.junit.platform.engine.support.hierarchical.HierarchicalTestExecutor$NodeExecutor$$Lambda$143.execute()V+8
j  org.junit.platform.engine.support.hierarchical.SingleTestExecutor.executeSafely(Lorg/junit/platform/engine/support/hierarchical/SingleTestExecutor$Executable;)Lorg/junit/platform/engine/TestExecutionResult;+1
j  org.junit.platform.engine.support.hierarchical.HierarchicalTestExecutor$NodeExecutor.executeRecursively(Lorg/junit/platform/engine/support/hierarchical/ExecutionTracker;)V+27
j  org.junit.platform.engine.support.hierarchical.HierarchicalTestExecutor$NodeExecutor.execute(Lorg/junit/platform/engine/support/hierarchical/EngineExecutionContext;Lorg/junit/platform/engine/support/hierarchical/ExecutionTracker;)V+53
j  org.junit.platform.engine.support.hierarchical.HierarchicalTestExecutor$NodeExecutor.lambda$executeRecursively$2(Lorg/junit/platform/engine/support/hierarchical/ExecutionTracker;Lorg/junit/platform/engine/TestDescriptor;)V+17
j  org.junit.platform.engine.support.hierarchical.HierarchicalTestExecutor$NodeExecutor$$Lambda$146.accept(Ljava/lang/Object;)V+12
j  java.util.stream.ForEachOps$ForEachOp$OfRef.accept(Ljava/lang/Object;)V+5
j  java.util.stream.ReferencePipeline$2$1.accept(Ljava/lang/Object;)V+21
j  java.util.Iterator.forEachRemaining(Ljava/util/function/Consumer;)V+21
j  java.util.Spliterators$IteratorSpliterator.forEachRemaining(Ljava/util/function/Consumer;)V+52
j  java.util.stream.AbstractPipeline.copyInto(Ljava/util/stream/Sink;Ljava/util/Spliterator;)V+32
j  java.util.stream.AbstractPipeline.wrapAndCopyInto(Ljava/util/stream/Sink;Ljava/util/Spliterator;)Ljava/util/stream/Sink;+13
j  java.util.stream.ForEachOps$ForEachOp.evaluateSequential(Ljava/util/stream/PipelineHelper;Ljava/util/Spliterator;)Ljava/lang/Void;+3
j  java.util.stream.ForEachOps$ForEachOp$OfRef.evaluateSequential(Ljava/util/stream/PipelineHelper;Ljava/util/Spliterator;)Ljava/lang/Object;+3
j  java.util.stream.AbstractPipeline.evaluate(Ljava/util/stream/TerminalOp;)Ljava/lang/Object;+88
j  java.util.stream.ReferencePipeline.forEach(Ljava/util/function/Consumer;)V+6
j  org.junit.platform.engine.support.hierarchical.HierarchicalTestExecutor$NodeExecutor.lambda$executeRecursively$3(Lorg/junit/platform/engine/support/hierarchical/ExecutionTracker;)V+73
j  org.junit.platform.engine.support.hierarchical.HierarchicalTestExecutor$NodeExecutor$$Lambda$143.execute()V+8
j  org.junit.platform.engine.support.hierarchical.SingleTestExecutor.executeSafely(Lorg/junit/platform/engine/support/hierarchical/SingleTestExecutor$Executable;)Lorg/junit/platform/engine/TestExecutionResult;+1
j  org.junit.platform.engine.support.hierarchical.HierarchicalTestExecutor$NodeExecutor.executeRecursively(Lorg/junit/platform/engine/support/hierarchical/ExecutionTracker;)V+27
j  org.junit.platform.engine.support.hierarchical.HierarchicalTestExecutor$NodeExecutor.execute(Lorg/junit/platform/engine/support/hierarchical/EngineExecutionContext;Lorg/junit/platform/engine/support/hierarchical/ExecutionTracker;)V+53
j  org.junit.platform.engine.support.hierarchical.HierarchicalTestExecutor$NodeExecutor.lambda$executeRecursively$2(Lorg/junit/platform/engine/support/hierarchical/ExecutionTracker;Lorg/junit/platform/engine/TestDescriptor;)V+17
j  org.junit.platform.engine.support.hierarchical.HierarchicalTestExecutor$NodeExecutor$$Lambda$146.accept(Ljava/lang/Object;)V+12
j  java.util.stream.ForEachOps$ForEachOp$OfRef.accept(Ljava/lang/Object;)V+5
j  java.util.stream.ReferencePipeline$2$1.accept(Ljava/lang/Object;)V+21
j  java.util.Iterator.forEachRemaining(Ljava/util/function/Consumer;)V+21
j  java.util.Spliterators$IteratorSpliterator.forEachRemaining(Ljava/util/function/Consumer;)V+52
j  java.util.stream.AbstractPipeline.copyInto(Ljava/util/stream/Sink;Ljava/util/Spliterator;)V+32
j  java.util.stream.AbstractPipeline.wrapAndCopyInto(Ljava/util/stream/Sink;Ljava/util/Spliterator;)Ljava/util/stream/Sink;+13
j  java.util.stream.ForEachOps$ForEachOp.evaluateSequential(Ljava/util/stream/PipelineHelper;Ljava/util/Spliterator;)Ljava/lang/Void;+3
j  java.util.stream.ForEachOps$ForEachOp$OfRef.evaluateSequential(Ljava/util/stream/PipelineHelper;Ljava/util/Spliterator;)Ljava/lang/Object;+3
j  java.util.stream.AbstractPipeline.evaluate(Ljava/util/stream/TerminalOp;)Ljava/lang/Object;+88
j  java.util.stream.ReferencePipeline.forEach(Ljava/util/function/Consumer;)V+6
j  org.junit.platform.engine.support.hierarchical.HierarchicalTestExecutor$NodeExecutor.lambda$executeRecursively$3(Lorg/junit/platform/engine/support/hierarchical/ExecutionTracker;)V+73
j  org.junit.platform.engine.support.hierarchical.HierarchicalTestExecutor$NodeExecutor$$Lambda$143.execute()V+8
j  org.junit.platform.engine.support.hierarchical.SingleTestExecutor.executeSafely(Lorg/junit/platform/engine/support/hierarchical/SingleTestExecutor$Executable;)Lorg/junit/platform/engine/TestExecutionResult;+1
j  org.junit.platform.engine.support.hierarchical.HierarchicalTestExecutor$NodeExecutor.executeRecursively(Lorg/junit/platform/engine/support/hierarchical/ExecutionTracker;)V+27
j  org.junit.platform.engine.support.hierarchical.HierarchicalTestExecutor$NodeExecutor.execute(Lorg/junit/platform/engine/support/hierarchical/EngineExecutionContext;Lorg/junit/platform/engine/support/hierarchical/ExecutionTracker;)V+53
j  org.junit.platform.engine.support.hierarchical.HierarchicalTestExecutor.execute()V+23
j  org.junit.platform.engine.support.hierarchical.HierarchicalTestEngine.execute(Lorg/junit/platform/engine/ExecutionRequest;)V+13
j  org.junit.platform.launcher.core.DefaultLauncher.execute(Lorg/junit/platform/engine/TestEngine;Lorg/junit/platform/engine/ExecutionRequest;)V+2
j  org.junit.platform.launcher.core.DefaultLauncher.execute(Lorg/junit/platform/launcher/core/Root;Lorg/junit/platform/engine/ConfigurationParameters;[Lorg/junit/platform/launcher/TestExecutionListener;)V+101
j  org.junit.platform.launcher.core.DefaultLauncher.execute(Lorg/junit/platform/launcher/LauncherDiscoveryRequest;[Lorg/junit/platform/launcher/TestExecutionListener;)V+36
j  org.eclipse.jdt.internal.junit5.runner.JUnit5TestReference.run(Lorg/eclipse/jdt/internal/junit/runner/TestExecution;)V+30
j  org.eclipse.jdt.internal.junit.runner.TestExecution.run([Lorg/eclipse/jdt/internal/junit/runner/ITestReference;)V+17
j  org.eclipse.jdt.internal.junit.runner.RemoteTestRunner.runTests([Ljava/lang/String;Ljava/lang/String;Lorg/eclipse/jdt/internal/junit/runner/TestExecution;)V+62
j  org.eclipse.jdt.internal.junit.runner.RemoteTestRunner.runTests(Lorg/eclipse/jdt/internal/junit/runner/TestExecution;)V+10
j  org.eclipse.jdt.internal.junit.runner.RemoteTestRunner.run()V+70
j  org.eclipse.jdt.internal.junit.runner.RemoteTestRunner.main([Ljava/lang/String;)V+14
v  ~StubRoutines::call_stub

---------------  P R O C E S S  ---------------

Java Threads: ( => current thread )
  0x0000000019231800 JavaThread "ReaderThread" [_thread_in_native, id=6732, stack(0x0000000019910000,0x0000000019a10000)]
  0x0000000018b50000 JavaThread "Service Thread" daemon [_thread_blocked, id=4884, stack(0x0000000018f10000,0x0000000019010000)]
  0x00000000171e2000 JavaThread "C1 CompilerThread2" daemon [_thread_blocked, id=10684, stack(0x0000000018a10000,0x0000000018b10000)]
  0x00000000171de800 JavaThread "C2 CompilerThread1" daemon [_thread_blocked, id=1064, stack(0x0000000018910000,0x0000000018a10000)]
  0x00000000171d0800 JavaThread "C2 CompilerThread0" daemon [_thread_blocked, id=11004, stack(0x0000000018810000,0x0000000018910000)]
  0x00000000171cd800 JavaThread "Attach Listener" daemon [_thread_blocked, id=8508, stack(0x0000000018710000,0x0000000018810000)]
  0x00000000171cc000 JavaThread "Signal Dispatcher" daemon [_thread_blocked, id=6408, stack(0x0000000018610000,0x0000000018710000)]
  0x000000000277c800 JavaThread "Finalizer" daemon [_thread_blocked, id=8724, stack(0x0000000018420000,0x0000000018520000)]
  0x0000000002773000 JavaThread "Reference Handler" daemon [_thread_blocked, id=12728, stack(0x0000000018320000,0x0000000018420000)]
=>0x000000000282e800 JavaThread "main" [_thread_in_native, id=1948, stack(0x0000000002550000,0x0000000002650000)]

Other Threads:
  0x0000000017197800 VMThread [stack: 0x0000000018220000,0x0000000018320000] [id=2880]
  0x000000001722e000 WatcherThread [stack: 0x0000000019010000,0x0000000019110000] [id=12028]

VM state:not at safepoint (normal execution)

VM Mutex/Monitor currently owned by a thread: None

Heap:
 PSYoungGen      total 36864K, used 21737K [0x00000000d6c00000, 0x00000000d9500000, 0x0000000100000000)
  eden space 31744K, 68% used [0x00000000d6c00000,0x00000000d813a608,0x00000000d8b00000)
  from space 5120K, 0% used [0x00000000d9000000,0x00000000d9000000,0x00000000d9500000)
  to   space 5120K, 0% used [0x00000000d8b00000,0x00000000d8b00000,0x00000000d9000000)
 ParOldGen       total 84992K, used 0K [0x0000000084400000, 0x0000000089700000, 0x00000000d6c00000)
  object space 84992K, 0% used [0x0000000084400000,0x0000000084400000,0x0000000089700000)
 Metaspace       used 8927K, capacity 9610K, committed 9728K, reserved 1058816K
  class space    used 1109K, capacity 1272K, committed 1280K, reserved 1048576K

Card table byte_map: [0x0000000011bf0000,0x0000000011fd0000] byte_map_base: 0x00000000117ce000

Marking Bits: (ParMarkBitMap*) 0x0000000072082d00
 Begin Bits: [0x0000000012670000, 0x0000000014560000)
 End Bits:   [0x0000000014560000, 0x0000000016450000)

Polling page: 0x0000000000ef0000

CodeCache: size=245760Kb used=3582Kb max_used=3582Kb free=242177Kb
 bounds [0x0000000002830000, 0x0000000002bc0000, 0x0000000011830000]
 total_blobs=1317 nmethods=1010 adapters=220
 compilation: enabled

Compilation events (10 events):
Event: 0.658 Thread 0x00000000171e2000 1006       1       java.util.stream.Collectors$CollectorImpl::supplier (5 bytes)
Event: 0.658 Thread 0x00000000171e2000 nmethod 1006 0x0000000002baba10 code [0x0000000002babb60, 0x0000000002babc70]
Event: 0.658 Thread 0x00000000171e2000 1007       1       java.util.stream.Collectors$CollectorImpl::accumulator (5 bytes)
Event: 0.659 Thread 0x00000000171e2000 nmethod 1007 0x0000000002bab750 code [0x0000000002bab8a0, 0x0000000002bab9b0]
Event: 0.659 Thread 0x00000000171e2000 1008       1       java.util.stream.Collectors$CollectorImpl::combiner (5 bytes)
Event: 0.659 Thread 0x00000000171e2000 nmethod 1008 0x0000000002bab490 code [0x0000000002bab5e0, 0x0000000002bab6f0]
Event: 0.660 Thread 0x00000000171e2000 1009       3       sun.invoke.util.VerifyAccess::isMemberAccessible (261 bytes)
Event: 0.661 Thread 0x00000000171e2000 nmethod 1009 0x0000000002bad9d0 code [0x0000000002badca0, 0x0000000002baf258]
Event: 0.661 Thread 0x00000000171e2000 1010       3       java.io.WinNTFileSystem::resolve (231 bytes)
Event: 0.663 Thread 0x00000000171e2000 nmethod 1010 0x0000000002bafa90 code [0x0000000002bafd60, 0x0000000002bb15e8]

GC Heap History (0 events):
No events

Deoptimization events (4 events):
Event: 0.138 Thread 0x000000000282e800 Uncommon trap: reason=unstable_if action=reinterpret pc=0x0000000002958f64 method=java.lang.String.hashCode()I @ 14
Event: 0.476 Thread 0x000000000282e800 Uncommon trap: reason=unstable_if action=reinterpret pc=0x0000000002ab5718 method=java.util.HashMap.putVal(ILjava/lang/Object;Ljava/lang/Object;ZZ)Ljava/lang/Object; @ 94
Event: 0.490 Thread 0x000000000282e800 Uncommon trap: reason=unstable_if action=reinterpret pc=0x0000000002ac6abc method=java.util.HashMap.getNode(ILjava/lang/Object;)Ljava/util/HashMap$Node; @ 129
Event: 0.490 Thread 0x000000000282e800 Uncommon trap: reason=unstable_if action=reinterpret pc=0x0000000002ad449c method=java.util.HashMap.putVal(ILjava/lang/Object;Ljava/lang/Object;ZZ)Ljava/lang/Object; @ 193

Classes redefined (0 events):
No events

Internal exceptions (10 events):
Event: 0.311 Thread 0x000000000282e800 Exception <a 'java/security/PrivilegedActionException'> (0x00000000d72d7080) thrown at [C:\re\workspace\8-2-build-windows-amd64-cygwin\jdk8u181\11358\hotspot\src\share\vm\prims\jvm.cpp, line 1435]
Event: 0.312 Thread 0x000000000282e800 Exception <a 'java/security/PrivilegedActionException'> (0x00000000d72db178) thrown at [C:\re\workspace\8-2-build-windows-amd64-cygwin\jdk8u181\11358\hotspot\src\share\vm\prims\jvm.cpp, line 1435]
Event: 0.312 Thread 0x000000000282e800 Exception <a 'java/security/PrivilegedActionException'> (0x00000000d72db570) thrown at [C:\re\workspace\8-2-build-windows-amd64-cygwin\jdk8u181\11358\hotspot\src\share\vm\prims\jvm.cpp, line 1435]
Event: 0.409 Thread 0x000000000282e800 Exception <a 'java/lang/NoSuchMethodError': java.lang.Object.lambda$or$2(Ljava/util/function/Predicate;Ljava/lang/Object;)Z> (0x00000000d788afa8) thrown at [C:\re\workspace\8-2-build-windows-amd64-cygwin\jdk8u181\11358\hotspot\src\share\vm\interpreter\lin
Event: 0.445 Thread 0x000000000282e800 Exception <a 'java/lang/IncompatibleClassChangeError': Found class java.lang.Object, but interface was expected> (0x00000000d79a5dc0) thrown at [C:\re\workspace\8-2-build-windows-amd64-cygwin\jdk8u181\11358\hotspot\src\share\vm\interpreter\linkResolver.cp
Event: 0.501 Thread 0x000000000282e800 Exception <a 'java/lang/NoSuchMethodError': java.lang.Object.lambda$andThen$1(Ljava/util/function/Function;Ljava/lang/Object;)Ljava/lang/Object;> (0x00000000d7b17798) thrown at [C:\re\workspace\8-2-build-windows-amd64-cygwin\jdk8u181\11358\hotspot\src\sha
Event: 0.532 Thread 0x000000000282e800 Exception <a 'java/lang/NoSuchMethodError': java.lang.Object.lambda$accept$0(Lorg/junit/platform/engine/TestDescriptor$Visitor;Lorg/junit/platform/engine/TestDescriptor;)V> (0x00000000d7bf2c88) thrown at [C:\re\workspace\8-2-build-windows-amd64-cygwin\jdk
Event: 0.533 Thread 0x000000000282e800 Exception <a 'java/lang/IncompatibleClassChangeError': Found class java.lang.Object, but interface was expected> (0x00000000d7c00ab8) thrown at [C:\re\workspace\8-2-build-windows-amd64-cygwin\jdk8u181\11358\hotspot\src\share\vm\interpreter\linkResolver.cp
Event: 0.534 Thread 0x000000000282e800 Exception <a 'java/lang/NoSuchMethodError': java.lang.Object.containsTests(Lorg/junit/platform/engine/TestDescriptor;)Z> (0x00000000d7c07cb8) thrown at [C:\re\workspace\8-2-build-windows-amd64-cygwin\jdk8u181\11358\hotspot\src\share\vm\interpreter\linkRes
Event: 0.628 Thread 0x000000000282e800 Exception <a 'java/lang/NoSuchMethodError': java.lang.Object.lambda$and$0(Ljava/util/function/Predicate;Ljava/lang/Object;)Z> (0x00000000d7fefac8) thrown at [C:\re\workspace\8-2-build-windows-amd64-cygwin\jdk8u181\11358\hotspot\src\share\vm\interpreter\li

Events (10 events):
Event: 0.661 loading class wrap/Cloneable
Event: 0.661 loading class wrap/Cloneable done
Event: 0.662 loading class wrap/NativeObject
Event: 0.662 loading class wrap/NativeObject done
Event: 0.663 loading class pcl/PointXYZ
Event: 0.663 loading class pcl/PointXYZ done
Event: 0.663 loading class pcl/PointXYZRGB
Event: 0.663 loading class pcl/PointXYZRGB done
Event: 0.664 loading class pcl/PointCloud$1
Event: 0.664 loading class pcl/PointCloud$1 done


Dynamic libraries:
0x00007ff6bded0000 - 0x00007ff6bdf07000 	C:\Program Files\Java\jdk1.8.0_181\bin\javaw.exe
0x00007ffa3c0f0000 - 0x00007ffa3c2d1000 	C:\WINDOWS\SYSTEM32\ntdll.dll
0x00007ffa3a490000 - 0x00007ffa3a542000 	C:\WINDOWS\System32\KERNEL32.DLL
0x00007ffa384c0000 - 0x00007ffa38733000 	C:\WINDOWS\System32\KERNELBASE.dll
0x00007ffa3ab60000 - 0x00007ffa3ac01000 	C:\WINDOWS\System32\ADVAPI32.dll
0x00007ffa3aac0000 - 0x00007ffa3ab5e000 	C:\WINDOWS\System32\msvcrt.dll
0x00007ffa39bd0000 - 0x00007ffa39c2b000 	C:\WINDOWS\System32\sechost.dll
0x00007ffa3a360000 - 0x00007ffa3a484000 	C:\WINDOWS\System32\RPCRT4.dll
0x00007ffa3a640000 - 0x00007ffa3a7d0000 	C:\WINDOWS\System32\USER32.dll
0x00007ffa39210000 - 0x00007ffa39230000 	C:\WINDOWS\System32\win32u.dll
0x00007ffa3a9a0000 - 0x00007ffa3a9c8000 	C:\WINDOWS\System32\GDI32.dll
0x00007ffa39020000 - 0x00007ffa391b2000 	C:\WINDOWS\System32\gdi32full.dll
0x00007ffa38f00000 - 0x00007ffa38f9f000 	C:\WINDOWS\System32\msvcp_win.dll
0x00007ffa39480000 - 0x00007ffa3957a000 	C:\WINDOWS\System32\ucrtbase.dll
0x00007ffa2dbb0000 - 0x00007ffa2de19000 	C:\WINDOWS\WinSxS\amd64_microsoft.windows.common-controls_6595b64144ccf1df_6.0.17134.345_none_fb429a5930656358\COMCTL32.dll
0x00007ffa39660000 - 0x00007ffa39983000 	C:\WINDOWS\System32\combase.dll
0x00007ffa38fa0000 - 0x00007ffa3901a000 	C:\WINDOWS\System32\bcryptPrimitives.dll
0x00007ffa39990000 - 0x00007ffa399bd000 	C:\WINDOWS\System32\IMM32.DLL
0x0000000072110000 - 0x00000000721e2000 	C:\Program Files\Java\jdk1.8.0_181\jre\bin\msvcr100.dll
0x0000000071860000 - 0x0000000072102000 	C:\Program Files\Java\jdk1.8.0_181\jre\bin\server\jvm.dll
0x00007ffa3a550000 - 0x00007ffa3a558000 	C:\WINDOWS\System32\PSAPI.DLL
0x00007ffa2e500000 - 0x00007ffa2e509000 	C:\WINDOWS\SYSTEM32\WSOCK32.dll
0x00007ffa2f830000 - 0x00007ffa2f83a000 	C:\WINDOWS\SYSTEM32\VERSION.dll
0x00007ffa2e610000 - 0x00007ffa2e633000 	C:\WINDOWS\SYSTEM32\WINMM.dll
0x00007ffa3ac10000 - 0x00007ffa3ac7c000 	C:\WINDOWS\System32\WS2_32.dll
0x00007ffa2e510000 - 0x00007ffa2e53a000 	C:\WINDOWS\SYSTEM32\WINMMBASE.dll
0x00007ffa391c0000 - 0x00007ffa39209000 	C:\WINDOWS\System32\cfgmgr32.dll
0x0000000071850000 - 0x000000007185f000 	C:\Program Files\Java\jdk1.8.0_181\jre\bin\verify.dll
0x0000000071820000 - 0x0000000071849000 	C:\Program Files\Java\jdk1.8.0_181\jre\bin\java.dll
0x0000000071800000 - 0x0000000071816000 	C:\Program Files\Java\jdk1.8.0_181\jre\bin\zip.dll
0x00007ffa3ac80000 - 0x00007ffa3c0bf000 	C:\WINDOWS\System32\SHELL32.dll
0x00007ffa3a580000 - 0x00007ffa3a629000 	C:\WINDOWS\System32\shcore.dll
0x00007ffa38740000 - 0x00007ffa38e4d000 	C:\WINDOWS\System32\windows.storage.dll
0x00007ffa3a8a0000 - 0x00007ffa3a8f1000 	C:\WINDOWS\System32\shlwapi.dll
0x00007ffa38470000 - 0x00007ffa38481000 	C:\WINDOWS\System32\kernel.appcore.dll
0x00007ffa384a0000 - 0x00007ffa384bf000 	C:\WINDOWS\System32\profapi.dll
0x00007ffa38400000 - 0x00007ffa3844c000 	C:\WINDOWS\System32\powrprof.dll
0x00007ffa38490000 - 0x00007ffa3849a000 	C:\WINDOWS\System32\FLTLIB.DLL
0x00000000717e0000 - 0x00000000717fa000 	C:\Program Files\Java\jdk1.8.0_181\jre\bin\net.dll
0x00007ffa37c80000 - 0x00007ffa37ce6000 	C:\WINDOWS\system32\mswsock.dll
0x00007ffa25f90000 - 0x00007ffa25ff4000 	C:\Users\Vlad\Projects\pcl-java\PCL_JAVA.dll
0x00007ffa32400000 - 0x00007ffa32422000 	C:\WINDOWS\SYSTEM32\VCRUNTIME140D.dll
0x00007ffa21b20000 - 0x00007ffa21c11000 	C:\WINDOWS\SYSTEM32\MSVCP140D.dll
0x00007ffa21960000 - 0x00007ffa21b1d000 	C:\WINDOWS\SYSTEM32\ucrtbased.dll
0x00007ffa32c60000 - 0x00007ffa32e29000 	C:\WINDOWS\SYSTEM32\dbghelp.dll

VM Arguments:
jvm_args: -ea -Dfile.encoding=Cp1252 
java_command: org.eclipse.jdt.internal.junit.runner.RemoteTestRunner -version 3 -port 50217 -testLoaderClass org.eclipse.jdt.internal.junit5.runner.JUnit5TestLoader -loaderpluginname org.eclipse.jdt.junit5.runtime -classNames pcl.PointCloudRGBTest
java_class_path (initial): C:\Users\Vlad\Projects\pcl-java\target\classes;C:\Users\Vlad\.p2\pool\plugins\org.junit.jupiter.api_5.1.0.v20180327-1502.jar;C:\Users\Vlad\.p2\pool\plugins\org.junit.jupiter.engine_5.1.0.v20180327-1502.jar;C:\Users\Vlad\.p2\pool\plugins\org.junit.jupiter.migrationsupport_5.1.0.v20180327-1502.jar;C:\Users\Vlad\.p2\pool\plugins\org.junit.jupiter.params_5.1.0.v20180327-1502.jar;C:\Users\Vlad\.p2\pool\plugins\org.junit.platform.commons_1.1.0.v20180327-1502.jar;C:\Users\Vlad\.p2\pool\plugins\org.junit.platform.engine_1.1.0.v20180327-1502.jar;C:\Users\Vlad\.p2\pool\plugins\org.junit.platform.launcher_1.1.0.v20180327-1502.jar;C:\Users\Vlad\.p2\pool\plugins\org.junit.platform.runner_1.1.0.v20180327-1502.jar;C:\Users\Vlad\.p2\pool\plugins\org.junit.platform.suite.api_1.1.0.v20180327-1502.jar;C:\Users\Vlad\.p2\pool\plugins\org.junit.vintage.engine_5.1.0.v20180327-1502.jar;C:\Users\Vlad\.p2\pool\plugins\org.opentest4j_1.0.0.v20180327-1502.jar;C:\Users\Vlad\.p2\pool\plugins\org.apiguardian_1.0.0.v20180327-1502.jar;C:\Users\Vlad\.p2\pool\plugins\org.junit_4.12.0.v201504281640\junit.jar;C:\Users\Vlad\.p2\pool\plugins\org.hamcrest.core_1.3.0.v20180420-1519.jar;C:\Users\Vlad\eclipse\jee-photon\eclipse\configuration\org.eclipse.osgi\417\0\.cp;C:\Users\Vlad\eclipse\jee-photon\eclipse\configuration\org.eclipse.osgi\415\0\.cp
Launcher Type: SUN_STANDARD

Environment Variables:
JAVA_HOME=C:\Program Files\Java\jdk1.8.0_181
PATH=C:/Program Files/Java/jre1.8.0_181/bin/server;C:/Program Files/Java/jre1.8.0_181/bin;C:/Program Files/Java/jre1.8.0_181/lib/amd64;C:\Program Files (x86)\NVIDIA Corporation\PhysX\Common;C:\Program Files (x86)\Intel\Intel(R) Management Engine Components\iCLS\;C:\Program Files\Intel\Intel(R) Management Engine Components\iCLS\;C:\Program Files (x86)\Common Files\Oracle\Java\javapath;C:\WINDOWS\system32;C:\WINDOWS;C:\WINDOWS\System32\Wbem;C:\WINDOWS\System32\WindowsPowerShell\v1.0\;C:\Program Files\nodejs\;C:\WINDOWS\System32\OpenSSH\;C:\Program Files\dotnet\;C:\Program Files\Git\cmd;C:\Android;C:\Windows\System32;C:\Program Files (x86)\Intel\Intel(R) Management Engine Components\DAL;C:\Program Files\Intel\Intel(R) Management Engine Components\DAL;C:\Users\Vlad\.windows-build-tools\python27\;C:\Program Files\nodejs\node_modules\npm\node_modules\npm-lifecycle\node-gyp-bin;C:\Users\Vlad\AppData\Roaming\npm\node_modules\windows-build-tools\node_modules\.bin;C:\Users\Vlad\AppData\Roaming\npm\node_modules\.bin;C:\Program Files (x86)\Common Files\Oracle\Java\javapath;C:\WINDOWS\system32;C:\WINDOWS;C:\WINDOWS\System32\Wbem;C:\WINDOWS\System32\WindowsPowerShell\v1.0\;C:\Program Files\nodejs\;C:\WINDOWS\System32\OpenSSH\;C:\Program Files\dotnet\;C:\Program Files\Git\cmd;C:\Users\Vlad\AppData\Local\Programs\Python\Python37-32\Scripts\;C:\Users\Vlad\AppData\Local\Programs\Python\Python37-32\;C:\Users\Vlad\AppData\Local\Microsoft\WindowsApps;C:\Users\Vlad\AppData\Roaming\npm;C:\Program Files\CMake\bin;C:\Program Files\MongoDB\Server\4.0\bin;C:\Users\Vlad\AppData\Local\Programs\Microsoft VS Code\bin;C:\apache-maven-3.5.4\bin;C:\Program Files\Java\jdk1.8.0_181\bin;C:\apache-maven-3.5.4\bin;;C:\WINDOWS\system32;
USERNAME=Vlad
OS=Windows_NT
PROCESSOR_IDENTIFIER=Intel64 Family 6 Model 142 Stepping 9, GenuineIntel



---------------  S Y S T E M  ---------------

OS: Windows 10.0 , 64 bit Build 17134 (10.0.17134.1)

CPU:total 4 (initial active 4) (2 cores per cpu, 2 threads per core) family 6 model 142 stepping 9, cmov, cx8, fxsr, mmx, sse, sse2, sse3, ssse3, sse4.1, sse4.2, popcnt, avx, avx2, aes, clmul, erms, 3dnowpref, lzcnt, ht, tsc, tscinvbit, bmi1, bmi2, adx

Memory: 4k page, physical 8109920k(2180580k free), swap 13614944k(5637284k free)

vm_info: Java HotSpot(TM) 64-Bit Server VM (25.181-b13) for windows-amd64 JRE (1.8.0_181-b13), built on Jul  7 2018 04:01:33 by "java_re" with MS VC++ 10.0 (VS2010)

time: Wed Oct 10 08:59:40 2018
elapsed time: 0 seconds (0d 0h 0m 0s)

